<?xml version="1.0" encoding="UTF-8"?>
<!-- Generated by org.testng.reporters.JUnitXMLReporter -->
<testsuite ignored="1" hostname="LAPTOP-FGNP3911" failures="0" tests="5" name="Default test" time="0.189" errors="0" timestamp="2020-12-23T11:35:56 IST">
  <testcase classname="testNG.SkipTheCase" name="startThecar" time="0.034"/>
  <testcase classname="testNG.SkipTheCase" name="firstGear" time="0.005"/>
  <testcase classname="testNG.SkipTheCase" name="secondGear" time="0.003"/>
  <testcase classname="testNG.SkipTheCase" name="thirdGear" time="0.005"/>
  <testcase classname="testNG.SkipTheCase" name="stopThecar" time="0.003"/>
  <testcase classname="testNG.SkipTheCase" name="musicOn" time="0.0">
    <ignored/>
  </testcase> <!-- musicOn -->
</testsuite> <!-- Default test -->
