<?xml version="1.0" encoding="UTF-8"?>
<testng-results ignored="1" total="6" passed="5" failed="0" skipped="0">
  <reporter-output>
  </reporter-output>
  <suite started-at="2020-12-23T11:35:56 IST" name="Default suite" finished-at="2020-12-23T11:35:56 IST" duration-ms="189">
    <groups>
    </groups>
    <test started-at="2020-12-23T11:35:56 IST" name="Default test" finished-at="2020-12-23T11:35:56 IST" duration-ms="189">
      <class name="testNG.SkipTheCase">
        <test-method signature="startThecar()[pri:0, instance:testNG.SkipTheCase@79ca92b9]" started-at="2020-12-23T11:35:56 IST" name="startThecar" finished-at="2020-12-23T11:35:56 IST" duration-ms="34" status="PASS">
          <reporter-output>
          </reporter-output>
        </test-method> <!-- startThecar -->
        <test-method signature="firstGear()[pri:1, instance:testNG.SkipTheCase@79ca92b9]" started-at="2020-12-23T11:35:56 IST" name="firstGear" finished-at="2020-12-23T11:35:56 IST" duration-ms="5" status="PASS">
          <reporter-output>
          </reporter-output>
        </test-method> <!-- firstGear -->
        <test-method signature="secondGear()[pri:2, instance:testNG.SkipTheCase@79ca92b9]" started-at="2020-12-23T11:35:56 IST" name="secondGear" finished-at="2020-12-23T11:35:56 IST" duration-ms="3" status="PASS">
          <reporter-output>
          </reporter-output>
        </test-method> <!-- secondGear -->
        <test-method signature="thirdGear()[pri:3, instance:testNG.SkipTheCase@79ca92b9]" started-at="2020-12-23T11:35:56 IST" name="thirdGear" finished-at="2020-12-23T11:35:56 IST" duration-ms="5" status="PASS">
          <reporter-output>
          </reporter-output>
        </test-method> <!-- thirdGear -->
        <test-method signature="stopThecar()[pri:4, instance:testNG.SkipTheCase@79ca92b9]" started-at="2020-12-23T11:35:56 IST" name="stopThecar" finished-at="2020-12-23T11:35:56 IST" duration-ms="3" status="PASS">
          <reporter-output>
          </reporter-output>
        </test-method> <!-- stopThecar -->
      </class> <!-- testNG.SkipTheCase -->
    </test> <!-- Default test -->
  </suite> <!-- Default suite -->
</testng-results>
